c:\users\owner\documents\github\game3015_a1_platanestor\game3015_a1_platanestor\x64\debug\vc143.pdb
c:\users\owner\documents\github\game3015_a1_platanestor\game3015_a1_platanestor\x64\debug\vc143.idb
c:\users\owner\documents\github\game3015_a1_platanestor\game3015_a1_platanestor\x64\debug\world.obj
c:\users\owner\documents\github\game3015_a1_platanestor\game3015_a1_platanestor\x64\debug\spritenode.obj
c:\users\owner\documents\github\game3015_a1_platanestor\game3015_a1_platanestor\x64\debug\scenenode.obj
c:\users\owner\documents\github\game3015_a1_platanestor\game3015_a1_platanestor\x64\debug\main.obj
c:\users\owner\documents\github\game3015_a1_platanestor\game3015_a1_platanestor\x64\debug\game.obj
c:\users\owner\documents\github\game3015_a1_platanestor\game3015_a1_platanestor\x64\debug\frameresource.obj
c:\users\owner\documents\github\game3015_a1_platanestor\game3015_a1_platanestor\x64\debug\entity.obj
c:\users\owner\documents\github\game3015_a1_platanestor\game3015_a1_platanestor\x64\debug\mathhelper.obj
c:\users\owner\documents\github\game3015_a1_platanestor\game3015_a1_platanestor\x64\debug\geometrygenerator.obj
c:\users\owner\documents\github\game3015_a1_platanestor\game3015_a1_platanestor\x64\debug\gametimer.obj
c:\users\owner\documents\github\game3015_a1_platanestor\game3015_a1_platanestor\x64\debug\ddstextureloader.obj
c:\users\owner\documents\github\game3015_a1_platanestor\game3015_a1_platanestor\x64\debug\d3dutil.obj
c:\users\owner\documents\github\game3015_a1_platanestor\game3015_a1_platanestor\x64\debug\d3dapp.obj
c:\users\owner\documents\github\game3015_a1_platanestor\game3015_a1_platanestor\x64\debug\camera.obj
c:\users\owner\documents\github\game3015_a1_platanestor\game3015_a1_platanestor\x64\debug\aircraft.obj
c:\users\owner\documents\github\game3015_a1_platanestor\x64\debug\game3015_a1_platanestor.exe
c:\users\owner\documents\github\game3015_a1_platanestor\game3015_a1_platanestor\x64\debug\game3015_a1_platanestor.ilk
c:\users\owner\documents\github\game3015_a1_platanestor\x64\debug\game3015_a1_platanestor.pdb
c:\users\owner\documents\github\game3015_a1_platanestor\game3015_a1_platanestor\x64\debug\game3015.b4e3457e.tlog\cl.command.1.tlog
c:\users\owner\documents\github\game3015_a1_platanestor\game3015_a1_platanestor\x64\debug\game3015.b4e3457e.tlog\cl.items.tlog
c:\users\owner\documents\github\game3015_a1_platanestor\game3015_a1_platanestor\x64\debug\game3015.b4e3457e.tlog\cl.read.1.tlog
c:\users\owner\documents\github\game3015_a1_platanestor\game3015_a1_platanestor\x64\debug\game3015.b4e3457e.tlog\cl.write.1.tlog
c:\users\owner\documents\github\game3015_a1_platanestor\game3015_a1_platanestor\x64\debug\game3015.b4e3457e.tlog\link.command.1.tlog
c:\users\owner\documents\github\game3015_a1_platanestor\game3015_a1_platanestor\x64\debug\game3015.b4e3457e.tlog\link.read.1.tlog
c:\users\owner\documents\github\game3015_a1_platanestor\game3015_a1_platanestor\x64\debug\game3015.b4e3457e.tlog\link.write.1.tlog
