  Aircraft.cpp
C:\Users\Owner\Documents\GitHub\hsalamat_GameEngineDevelopment2\GAME3015_A1_PlataNestorFold\GAME3015_A1_PlataNestor\GAME3015_A1_PlataNestor\Aircraft.cpp(31,96): warning C4244: 'argument': conversion from 'double' to 'float', possible loss of data
C:\Users\Owner\Documents\GitHub\hsalamat_GameEngineDevelopment2\GAME3015_A1_PlataNestorFold\GAME3015_A1_PlataNestor\GAME3015_A1_PlataNestor\Aircraft.cpp(31,70): warning C4244: 'argument': conversion from 'double' to 'float', possible loss of data
C:\Users\Owner\Documents\GitHub\hsalamat_GameEngineDevelopment2\GAME3015_A1_PlataNestorFold\GAME3015_A1_PlataNestor\GAME3015_A1_PlataNestor\Aircraft.cpp(31,51): warning C4244: 'argument': conversion from 'double' to 'float', possible loss of data
C:\Users\Owner\Documents\GitHub\hsalamat_GameEngineDevelopment2\GAME3015_A1_PlataNestorFold\GAME3015_A1_PlataNestor\GAME3015_A1_PlataNestor\Aircraft.cpp(45,52): warning C4267: '=': conversion from 'size_t' to 'UINT', possible loss of data
  AircraftShadow.cpp
C:\Users\Owner\Documents\GitHub\hsalamat_GameEngineDevelopment2\GAME3015_A1_PlataNestorFold\GAME3015_A1_PlataNestor\GAME3015_A1_PlataNestor\AircraftShadow.cpp(38,52): warning C4267: '=': conversion from 'size_t' to 'UINT', possible loss of data
  Entity.cpp
  FrameResource.cpp
  Game.cpp
C:\Users\Owner\Documents\GitHub\hsalamat_GameEngineDevelopment2\GAME3015_A1_PlataNestorFold\GAME3015_A1_PlataNestor\GAME3015_A1_PlataNestor\Game.cpp(23,21): warning C4305: 'argument': truncation from 'double' to 'float'
  SceneNode.cpp
  SpriteNode.cpp
C:\Users\Owner\Documents\GitHub\hsalamat_GameEngineDevelopment2\GAME3015_A1_PlataNestorFold\GAME3015_A1_PlataNestor\GAME3015_A1_PlataNestor\SpriteNode.cpp(20,52): warning C4267: '=': conversion from 'size_t' to 'UINT', possible loss of data
  World.cpp
C:\Users\Owner\Documents\GitHub\hsalamat_GameEngineDevelopment2\GAME3015_A1_PlataNestorFold\GAME3015_A1_PlataNestor\GAME3015_A1_PlataNestor\World.cpp(104,14): warning C4305: '*=': truncation from 'double' to 'float'
C:\Users\Owner\Documents\GitHub\hsalamat_GameEngineDevelopment2\GAME3015_A1_PlataNestorFold\GAME3015_A1_PlataNestor\GAME3015_A1_PlataNestor\World.cpp(105,14): warning C4305: '*=': truncation from 'double' to 'float'
C:\Users\Owner\Documents\GitHub\hsalamat_GameEngineDevelopment2\GAME3015_A1_PlataNestorFold\GAME3015_A1_PlataNestor\GAME3015_A1_PlataNestor\World.cpp(123,34): warning C4305: 'argument': truncation from 'double' to 'float'
C:\Users\Owner\Documents\GitHub\hsalamat_GameEngineDevelopment2\GAME3015_A1_PlataNestorFold\GAME3015_A1_PlataNestor\GAME3015_A1_PlataNestor\World.cpp(130,29): warning C4305: 'argument': truncation from 'double' to 'float'
C:\Users\Owner\Documents\GitHub\hsalamat_GameEngineDevelopment2\GAME3015_A1_PlataNestorFold\GAME3015_A1_PlataNestor\GAME3015_A1_PlataNestor\World.cpp(137,30): warning C4305: 'argument': truncation from 'double' to 'float'
  main.cpp
  Generating Code...
Camera.obj : warning LNK4099: PDB '' was not found with 'Camera.obj' or at ''; linking object as if no debug info
d3dApp.obj : warning LNK4099: PDB '' was not found with 'd3dApp.obj' or at ''; linking object as if no debug info
d3dUtil.obj : warning LNK4099: PDB '' was not found with 'd3dUtil.obj' or at ''; linking object as if no debug info
DDSTextureLoader.obj : warning LNK4099: PDB '' was not found with 'DDSTextureLoader.obj' or at ''; linking object as if no debug info
GameTimer.obj : warning LNK4099: PDB '' was not found with 'GameTimer.obj' or at ''; linking object as if no debug info
GeometryGenerator.obj : warning LNK4099: PDB '' was not found with 'GeometryGenerator.obj' or at ''; linking object as if no debug info
MathHelper.obj : warning LNK4099: PDB '' was not found with 'MathHelper.obj' or at ''; linking object as if no debug info
Player.obj : warning LNK4099: PDB '' was not found with 'Player.obj' or at ''; linking object as if no debug info
  GAME3015_A1_PlataNestor.vcxproj -> C:\Users\Owner\Documents\GitHub\hsalamat_GameEngineDevelopment2\GAME3015_A1_PlataNestorFold\GAME3015_A1_PlataNestor\x64\Debug\GAME3015_A1_PlataNestor.exe
